<?xml version="1.0" encoding="UTF-8"?>
<testsuite xmlns:xsi="http://www.w3.org/2001/XMLSchema-instance" xsi:noNamespaceSchemaLocation="https://maven.apache.org/surefire/maven-surefire-plugin/xsd/surefire-test-report-3.0.xsd" version="3.0" name="com.losmessias.leherer.repository_tests.ClassReservationRepositoryTests" time="0.408" tests="7" errors="0" skipped="0" failures="0">
  <properties>
[...]
</properties>
  <testcase name="shouldSaveAClassReservation" classname="com.losmessias.leherer.repository_tests.ClassReservationRepositoryTests" time="0.067">
    <system-out><![CDATA[2023-10-21T15:34:54.933-03:00  INFO 3543 --- [           main] t.c.s.AnnotationConfigContextLoaderUtils : Could not detect default configuration classes for test class [com.losmessias.leherer.repository_tests.ClassReservationRepositoryTests]: ClassReservationRepositoryTests does not declare any static, non-private, non-final, nested classes annotated with @Configuration.
2023-10-21T15:34:54.939-03:00  INFO 3543 --- [           main] .b.t.c.SpringBootTestContextBootstrapper : Found @SpringBootConfiguration com.losmessias.leherer.LehererApplication for test class com.losmessias.leherer.repository_tests.ClassReservationRepositoryTests

  .   ____          _            __ _ _
 /\\ / ___'_ __ _ _(_)_ __  __ _ \ \ \ \
( ( )\___ | '_ | '_| | '_ \/ _` | \ \ \ \
 \\/  ___)| |_)| | | | | || (_| |  ) ) ) )
  '  |____| .__|_| |_|_| |_\__, | / / / /
 =========|_|==============|___/=/_/_/_/
 :: Spring Boot ::                (v3.1.3)

2023-10-21T15:34:54.947-03:00  INFO 3543 --- [           main] c.l.l.r.ClassReservationRepositoryTests  : Starting ClassReservationRepositoryTests using Java 20.0.2 with PID 3543 (started by augustoramseyer in /Users/augustoramseyer/Downloads/GitHub/2023-losmessias-BE)
2023-10-21T15:34:54.947-03:00  INFO 3543 --- [           main] c.l.l.r.ClassReservationRepositoryTests  : No active profile set, falling back to 1 default profile: "default"
2023-10-21T15:34:54.976-03:00  INFO 3543 --- [           main] .s.d.r.c.RepositoryConfigurationDelegate : Bootstrapping Spring Data JPA repositories in DEFAULT mode.
2023-10-21T15:34:54.983-03:00  INFO 3543 --- [           main] .s.d.r.c.RepositoryConfigurationDelegate : Finished Spring Data repository scanning in 7 ms. Found 12 JPA repository interfaces.
2023-10-21T15:34:54.989-03:00  INFO 3543 --- [           main] beddedDataSourceBeanFactoryPostProcessor : Replacing 'dataSource' DataSource bean with embedded version
2023-10-21T15:34:54.998-03:00  INFO 3543 --- [           main] o.s.j.d.e.EmbeddedDatabaseFactory        : Starting embedded database: url='jdbc:h2:mem:e74aff1b-1825-43c4-ac67-6d2394268446;DB_CLOSE_DELAY=-1;DB_CLOSE_ON_EXIT=false', username='sa'
2023-10-21T15:34:55.009-03:00  INFO 3543 --- [           main] o.hibernate.jpa.internal.util.LogHelper  : HHH000204: Processing PersistenceUnitInfo [name: default]
2023-10-21T15:34:55.011-03:00  INFO 3543 --- [           main] o.h.b.i.BytecodeProviderInitiator        : HHH000021: Bytecode provider name : bytebuddy
2023-10-21T15:34:55.011-03:00  INFO 3543 --- [           main] o.s.o.j.p.SpringPersistenceUnitInfo      : No LoadTimeWeaver setup: ignoring JPA class transformer
2023-10-21T15:34:55.026-03:00  INFO 3543 --- [           main] o.h.b.i.BytecodeProviderInitiator        : HHH000021: Bytecode provider name : bytebuddy
2023-10-21T15:34:55.080-03:00  INFO 3543 --- [           main] o.h.e.t.j.p.i.JtaPlatformInitiator       : HHH000490: Using JtaPlatform implementation: [org.hibernate.engine.transaction.jta.platform.internal.NoJtaPlatform]
Hibernate: drop table if exists app_user cascade 
Hibernate: drop table if exists class_reservation cascade 
Hibernate: drop table if exists comment cascade 
Hibernate: drop table if exists confirmation_token cascade 
Hibernate: drop table if exists file cascade 
Hibernate: drop table if exists loaded_data cascade 
Hibernate: drop table if exists notification_professor cascade 
Hibernate: drop table if exists notification_student cascade 
Hibernate: drop table if exists professor cascade 
Hibernate: drop table if exists professor_subject cascade 
Hibernate: drop table if exists student cascade 
Hibernate: drop table if exists subject cascade 
Hibernate: drop sequence if exists confirmation_token_sequence
Hibernate: drop sequence if exists student_sequence
Hibernate: create sequence confirmation_token_sequence start with 1 increment by 1
Hibernate: create sequence student_sequence start with 1 increment by 1
Hibernate: create table app_user (enabled boolean, locked boolean, association_id bigint, id bigint not null, app_user_role varchar(255) check (app_user_role in ('USER','STUDENT','PROFESSOR','ADMIN')), email varchar(255), password varchar(255), primary key (id))
Hibernate: create table class_reservation (date date, duration float(53), ending_hour time(6), price integer, starting_hour time(6), id bigint generated by default as identity, professor_id bigint, student_id bigint, subject_id bigint, status varchar(255) check (status in ('NOT_AVAILABLE','CONFIRMED','CONCLUDED','CANCELLED')), primary key (id))
Hibernate: create table comment (id bigint not null, comment varchar(255), primary key (id))
Hibernate: create table confirmation_token (app_user_id bigint not null, confirmed_at timestamp(6), created_at timestamp(6) not null, expires_at timestamp(6) not null, id bigint not null, token varchar(255) not null, primary key (id))
Hibernate: create table file (id bigint not null, file_name varchar(255), file_type varchar(255), data blob, primary key (id))
Hibernate: create table loaded_data (role tinyint check (role between 0 and 3), associated_id bigint, class_reservation_id bigint, id bigint generated by default as identity, uploaded_date_time timestamp(6), primary key (id))
Hibernate: create table notification_professor (opened boolean, id bigint generated by default as identity, professor_id bigint, message varchar(255), primary key (id))
Hibernate: create table notification_student (opened boolean, id bigint generated by default as identity, student_id bigint, message varchar(255), primary key (id))
Hibernate: create table professor (sex tinyint check (sex between 0 and 1), id bigint generated by default as identity, email varchar(255), first_name varchar(255), last_name varchar(255), location varchar(255), phone varchar(255), primary key (id))
Hibernate: create table professor_subject (status tinyint check (status between 0 and 2), id bigint generated by default as identity, professor_id bigint not null, subject_id bigint not null, primary key (id, professor_id, subject_id))
Hibernate: create table student (sex tinyint check (sex between 0 and 1), id bigint generated by default as identity, email varchar(255), first_name varchar(255), last_name varchar(255), location varchar(255), phone varchar(255), primary key (id))
Hibernate: create table subject (id bigint generated by default as identity, name varchar(255), primary key (id))
Hibernate: alter table if exists class_reservation add constraint FKe5yljav3k9ybrpmklgong70mh foreign key (professor_id) references professor
Hibernate: alter table if exists class_reservation add constraint FKbo40a0yiigwfgpqjteyoruuxy foreign key (student_id) references student
Hibernate: alter table if exists class_reservation add constraint FKj6frf46r039311nspihehb3ww foreign key (subject_id) references subject
Hibernate: alter table if exists comment add constraint FKlqem4qff9gptcp7bvt04vytas foreign key (id) references loaded_data
Hibernate: alter table if exists confirmation_token add constraint FKo9fl25wqyh7w7mnfkdqen1rcm foreign key (app_user_id) references app_user
Hibernate: alter table if exists file add constraint FKsttuth65fnk57seli8oi9uov foreign key (id) references loaded_data
Hibernate: alter table if exists loaded_data add constraint FK2oyhjxgwb6lhpmbjkmier0fpf foreign key (class_reservation_id) references class_reservation
Hibernate: alter table if exists notification_professor add constraint FKm2x162t3sq8euo5l8dqaa43ag foreign key (professor_id) references professor
Hibernate: alter table if exists notification_student add constraint FKhf6tpndmefrtx7c2tv3emokpb foreign key (student_id) references student
Hibernate: alter table if exists professor_subject add constraint FK8t23yd0a642yluv3xua6va5oj foreign key (professor_id) references professor
Hibernate: alter table if exists professor_subject add constraint FKo2ji26ywiywmgxf936djb1ffl foreign key (subject_id) references subject
2023-10-21T15:34:55.094-03:00  INFO 3543 --- [           main] j.LocalContainerEntityManagerFactoryBean : Initialized JPA EntityManagerFactory for persistence unit 'default'
2023-10-21T15:34:55.209-03:00  INFO 3543 --- [           main] c.l.l.r.ClassReservationRepositoryTests  : Started ClassReservationRepositoryTests in 0.269 seconds (process running for 5.232)
Hibernate: insert into professor (email,first_name,last_name,location,phone,sex,id) values (?,?,?,?,?,?,default)
Hibernate: insert into subject (name,id) values (?,default)
Hibernate: insert into student (email,first_name,last_name,location,phone,sex,id) values (?,?,?,?,?,?,default)
Hibernate: insert into class_reservation (date,duration,ending_hour,price,professor_id,starting_hour,status,student_id,subject_id,id) values (?,?,?,?,?,?,?,?,?,default)
Hibernate: select c1_0.id,c1_0.date,c1_0.duration,c1_0.ending_hour,c1_0.price,c1_0.professor_id,c1_0.starting_hour,c1_0.status,c1_0.student_id,c1_0.subject_id from class_reservation c1_0
]]></system-out>
  </testcase>
  <testcase name="shouldFindByProfessorAndSubject" classname="com.losmessias.leherer.repository_tests.ClassReservationRepositoryTests" time="0.014">
    <system-out><![CDATA[Hibernate: insert into professor (email,first_name,last_name,location,phone,sex,id) values (?,?,?,?,?,?,default)
Hibernate: insert into subject (name,id) values (?,default)
Hibernate: insert into student (email,first_name,last_name,location,phone,sex,id) values (?,?,?,?,?,?,default)
Hibernate: insert into class_reservation (date,duration,ending_hour,price,professor_id,starting_hour,status,student_id,subject_id,id) values (?,?,?,?,?,?,?,?,?,default)
Hibernate: select c1_0.id,c1_0.date,c1_0.duration,c1_0.ending_hour,c1_0.price,c1_0.professor_id,c1_0.starting_hour,c1_0.status,c1_0.student_id,c1_0.subject_id from class_reservation c1_0 where c1_0.professor_id=? and c1_0.subject_id=?
]]></system-out>
  </testcase>
  <testcase name="shouldFindBySubjectId" classname="com.losmessias.leherer.repository_tests.ClassReservationRepositoryTests" time="0.007">
    <system-out><![CDATA[Hibernate: insert into professor (email,first_name,last_name,location,phone,sex,id) values (?,?,?,?,?,?,default)
Hibernate: insert into subject (name,id) values (?,default)
Hibernate: insert into student (email,first_name,last_name,location,phone,sex,id) values (?,?,?,?,?,?,default)
Hibernate: insert into class_reservation (date,duration,ending_hour,price,professor_id,starting_hour,status,student_id,subject_id,id) values (?,?,?,?,?,?,?,?,?,default)
Hibernate: select c1_0.id,c1_0.date,c1_0.duration,c1_0.ending_hour,c1_0.price,c1_0.professor_id,c1_0.starting_hour,c1_0.status,c1_0.student_id,c1_0.subject_id from class_reservation c1_0 where c1_0.subject_id=?
]]></system-out>
  </testcase>
  <testcase name="shouldFindByProfessorId" classname="com.losmessias.leherer.repository_tests.ClassReservationRepositoryTests" time="0.006">
    <system-out><![CDATA[Hibernate: insert into professor (email,first_name,last_name,location,phone,sex,id) values (?,?,?,?,?,?,default)
Hibernate: insert into subject (name,id) values (?,default)
Hibernate: insert into student (email,first_name,last_name,location,phone,sex,id) values (?,?,?,?,?,?,default)
Hibernate: insert into class_reservation (date,duration,ending_hour,price,professor_id,starting_hour,status,student_id,subject_id,id) values (?,?,?,?,?,?,?,?,?,default)
Hibernate: select c1_0.id,c1_0.date,c1_0.duration,c1_0.ending_hour,c1_0.price,c1_0.professor_id,c1_0.starting_hour,c1_0.status,c1_0.student_id,c1_0.subject_id from class_reservation c1_0 where c1_0.professor_id=?
]]></system-out>
  </testcase>
  <testcase name="shouldMakeDailySummary" classname="com.losmessias.leherer.repository_tests.ClassReservationRepositoryTests" time="0.017">
    <system-out><![CDATA[Hibernate: insert into professor (email,first_name,last_name,location,phone,sex,id) values (?,?,?,?,?,?,default)
Hibernate: insert into subject (name,id) values (?,default)
Hibernate: insert into student (email,first_name,last_name,location,phone,sex,id) values (?,?,?,?,?,?,default)
Hibernate: insert into class_reservation (date,duration,ending_hour,price,professor_id,starting_hour,status,student_id,subject_id,id) values (?,?,?,?,?,?,?,?,?,default)
Hibernate: select p1_0.id,p1_0.email,p1_0.first_name,p1_0.last_name,p1_0.location,p1_0.phone,p1_0.sex,s1_0.id,s1_0.name,sum(c1_0.price),sum(c1_0.duration) from class_reservation c1_0 join professor p1_0 on p1_0.id=c1_0.professor_id join subject s1_0 on s1_0.id=c1_0.subject_id where c1_0.date=? and (c1_0.status='CONFIRMED' or c1_0.status='CONCLUDED' or c1_0.status='CANCELLED') group by c1_0.professor_id,c1_0.subject_id
]]></system-out>
  </testcase>
  <testcase name="shouldMakeDailySummaryWithMultipleSubjects" classname="com.losmessias.leherer.repository_tests.ClassReservationRepositoryTests" time="0.007">
    <system-out><![CDATA[Hibernate: insert into professor (email,first_name,last_name,location,phone,sex,id) values (?,?,?,?,?,?,default)
Hibernate: insert into subject (name,id) values (?,default)
Hibernate: insert into student (email,first_name,last_name,location,phone,sex,id) values (?,?,?,?,?,?,default)
Hibernate: insert into subject (name,id) values (?,default)
Hibernate: insert into class_reservation (date,duration,ending_hour,price,professor_id,starting_hour,status,student_id,subject_id,id) values (?,?,?,?,?,?,?,?,?,default)
Hibernate: insert into class_reservation (date,duration,ending_hour,price,professor_id,starting_hour,status,student_id,subject_id,id) values (?,?,?,?,?,?,?,?,?,default)
Hibernate: select p1_0.id,p1_0.email,p1_0.first_name,p1_0.last_name,p1_0.location,p1_0.phone,p1_0.sex,s1_0.id,s1_0.name,sum(c1_0.price),sum(c1_0.duration) from class_reservation c1_0 join professor p1_0 on p1_0.id=c1_0.professor_id join subject s1_0 on s1_0.id=c1_0.subject_id where c1_0.date=? and (c1_0.status='CONFIRMED' or c1_0.status='CONCLUDED' or c1_0.status='CANCELLED') group by c1_0.professor_id,c1_0.subject_id
]]></system-out>
  </testcase>
  <testcase name="shouldFindByStudentId" classname="com.losmessias.leherer.repository_tests.ClassReservationRepositoryTests" time="0.008">
    <system-out><![CDATA[Hibernate: insert into professor (email,first_name,last_name,location,phone,sex,id) values (?,?,?,?,?,?,default)
Hibernate: insert into subject (name,id) values (?,default)
Hibernate: insert into student (email,first_name,last_name,location,phone,sex,id) values (?,?,?,?,?,?,default)
Hibernate: insert into class_reservation (date,duration,ending_hour,price,professor_id,starting_hour,status,student_id,subject_id,id) values (?,?,?,?,?,?,?,?,?,default)
Hibernate: select c1_0.id,c1_0.date,c1_0.duration,c1_0.ending_hour,c1_0.price,c1_0.professor_id,c1_0.starting_hour,c1_0.status,c1_0.student_id,c1_0.subject_id from class_reservation c1_0 where c1_0.student_id=?
]]></system-out>
  </testcase>
</testsuite>